<?xml version="1.0" encoding="UTF-8"?>
<!-- Generated by org.testng.reporters.JUnitReportReporter -->
<testsuite hostname="IN2121148W1" failures="0" tests="1" name="test.ResponseBodyValidation" time="1.330" errors="0" timestamp="2023-01-20T13:23:14 IST" skipped="0">
  <testcase classname="test.ResponseBodyValidation" name="BodyPrint" time="1.330"/>
  <system-out/>
</testsuite> <!-- test.ResponseBodyValidation -->
