<?xml version="1.0" encoding="UTF-8"?>
<!-- Generated by org.testng.reporters.JUnitReportReporter -->
<testsuite hostname="IN2121148W1" failures="0" tests="1" name="test.HeaderValidatioDemo" time="1.378" errors="0" timestamp="2023-01-20T13:14:58 IST" skipped="0">
  <testcase classname="test.HeaderValidatioDemo" name="HeaderPrint" time="1.378"/>
  <system-out/>
</testsuite> <!-- test.HeaderValidatioDemo -->
